<?xml version="1.0" encoding="UTF-8"?>
<testsuite xmlns:xsi="http://www.w3.org/2001/XMLSchema-instance" xsi:noNamespaceSchemaLocation="https://maven.apache.org/surefire/maven-surefire-plugin/xsd/surefire-test-report-3.0.xsd" version="3.0" name="stepDefinition.TestRunner" time="23.668" tests="32" errors="0" skipped="0" failures="6">
  <properties>
    <property name="java.specification.version" value="15"/>
    <property name="sun.cpu.isalist" value="amd64"/>
    <property name="sun.jnu.encoding" value="Cp1252"/>
    <property name="java.class.path" value="C:\Users\e678332\MobileAPIProject\target\test-classes;C:\Users\e678332\MobileAPIProject\target\classes;C:\Users\e678332\.m2\repository\ru\yandex\qatools\allure\allure-java-aspects\1.5.4\allure-java-aspects-1.5.4.jar;C:\Users\e678332\.m2\repository\ru\yandex\qatools\allure\allure-java-adaptor-api\1.5.4\allure-java-adaptor-api-1.5.4.jar;C:\Users\e678332\.m2\repository\ru\yandex\qatools\allure\allure-java-annotations\1.5.4\allure-java-annotations-1.5.4.jar;C:\Users\e678332\.m2\repository\ru\yandex\qatools\allure\allure-model\1.5.4\allure-model-1.5.4.jar;C:\Users\e678332\.m2\repository\org\jvnet\jaxb2_commons\jaxb2-basics-runtime\0.9.3\jaxb2-basics-runtime-0.9.3.jar;C:\Users\e678332\.m2\repository\ru\qatools\commons\properties\2.0.RC5\properties-2.0.RC5.jar;C:\Users\e678332\.m2\repository\org\apache\tika\tika-core\1.7\tika-core-1.7.jar;C:\Users\e678332\.m2\repository\org\aspectj\aspectjrt\1.8.3\aspectjrt-1.8.3.jar;C:\Users\e678332\.m2\repository\info\cukes\cucumber-java\1.2.5\cucumber-java-1.2.5.jar;C:\Users\e678332\.m2\repository\info\cukes\cucumber-core\1.2.5\cucumber-core-1.2.5.jar;C:\Users\e678332\.m2\repository\info\cukes\cucumber-html\0.2.3\cucumber-html-0.2.3.jar;C:\Users\e678332\.m2\repository\org\junit\jupiter\junit-jupiter-api\5.7.0\junit-jupiter-api-5.7.0.jar;C:\Users\e678332\.m2\repository\org\apiguardian\apiguardian-api\1.1.0\apiguardian-api-1.1.0.jar;C:\Users\e678332\.m2\repository\org\opentest4j\opentest4j\1.2.0\opentest4j-1.2.0.jar;C:\Users\e678332\.m2\repository\org\junit\platform\junit-platform-commons\1.7.0\junit-platform-commons-1.7.0.jar;C:\Users\e678332\.m2\repository\info\cukes\cucumber-junit\1.2.5\cucumber-junit-1.2.5.jar;C:\Users\e678332\.m2\repository\info\cukes\cucumber-jvm-deps\1.0.5\cucumber-jvm-deps-1.0.5.jar;C:\Users\e678332\.m2\repository\net\masterthought\cucumber-reporting\3.11.0\cucumber-reporting-3.11.0.jar;C:\Users\e678332\.m2\repository\org\apache\logging\log4j\log4j-api\2.8.2\log4j-api-2.8.2.jar;C:\Users\e678332\.m2\repository\org\apache\logging\log4j\log4j-core\2.8.2\log4j-core-2.8.2.jar;C:\Users\e678332\.m2\repository\org\apache\velocity\velocity\1.7\velocity-1.7.jar;C:\Users\e678332\.m2\repository\commons-collections\commons-collections\3.2.1\commons-collections-3.2.1.jar;C:\Users\e678332\.m2\repository\commons-lang\commons-lang\2.4\commons-lang-2.4.jar;C:\Users\e678332\.m2\repository\velocity-tools\velocity-tools\1.4\velocity-tools-1.4.jar;C:\Users\e678332\.m2\repository\joda-time\joda-time\2.9.9\joda-time-2.9.9.jar;C:\Users\e678332\.m2\repository\org\apache\commons\commons-lang3\3.6\commons-lang3-3.6.jar;C:\Users\e678332\.m2\repository\commons-io\commons-io\2.5\commons-io-2.5.jar;C:\Users\e678332\.m2\repository\net\lingala\zip4j\zip4j\1.3.2\zip4j-1.3.2.jar;C:\Users\e678332\.m2\repository\org\codehaus\plexus\plexus-utils\3.0.24\plexus-utils-3.0.24.jar;C:\Users\e678332\.m2\repository\org\jsoup\jsoup\1.10.3\jsoup-1.10.3.jar;C:\Users\e678332\.m2\repository\com\googlecode\owasp-java-html-sanitizer\owasp-java-html-sanitizer\20170515.1\owasp-java-html-sanitizer-20170515.1.jar;C:\Users\e678332\.m2\repository\com\google\guava\guava\20.0\guava-20.0.jar;C:\Users\e678332\.m2\repository\io\qameta\allure\allure-cucumber5-jvm\2.13.6\allure-cucumber5-jvm-2.13.6.jar;C:\Users\e678332\.m2\repository\io\qameta\allure\allure-java-commons\2.13.6\allure-java-commons-2.13.6.jar;C:\Users\e678332\.m2\repository\io\qameta\allure\allure-model\2.13.6\allure-model-2.13.6.jar;C:\Users\e678332\.m2\repository\org\slf4j\slf4j-api\1.7.30\slf4j-api-1.7.30.jar;C:\Users\e678332\.m2\repository\org\jooq\joor-java-8\0.9.13\joor-java-8-0.9.13.jar;C:\Users\e678332\.m2\repository\io\cucumber\gherkin\5.1.0\gherkin-5.1.0.jar;C:\Users\e678332\.m2\repository\io\cucumber\gherkin-jvm-deps\1.0.4\gherkin-jvm-deps-1.0.4.jar;C:\Users\e678332\.m2\repository\io\qameta\allure\allure-junit5\2.13.6\allure-junit5-2.13.6.jar;C:\Users\e678332\.m2\repository\io\qameta\allure\allure-junit-platform\2.13.6\allure-junit-platform-2.13.6.jar;C:\Users\e678332\.m2\repository\org\junit\platform\junit-platform-launcher\1.7.0\junit-platform-launcher-1.7.0.jar;C:\Users\e678332\.m2\repository\org\junit\platform\junit-platform-engine\1.7.0\junit-platform-engine-1.7.0.jar;C:\Users\e678332\.m2\repository\info\cukes\gherkin\2.12.2\gherkin-2.12.2.jar;C:\Users\e678332\.m2\repository\junit\junit\4.12\junit-4.12.jar;C:\Users\e678332\.m2\repository\org\hamcrest\hamcrest-core\1.3\hamcrest-core-1.3.jar;C:\Users\e678332\.m2\repository\io\rest-assured\rest-assured\4.4.0\rest-assured-4.4.0.jar;C:\Users\e678332\.m2\repository\org\codehaus\groovy\groovy\3.0.8\groovy-3.0.8.jar;C:\Users\e678332\.m2\repository\org\codehaus\groovy\groovy-xml\3.0.8\groovy-xml-3.0.8.jar;C:\Users\e678332\.m2\repository\org\apache\httpcomponents\httpclient\4.5.13\httpclient-4.5.13.jar;C:\Users\e678332\.m2\repository\org\apache\httpcomponents\httpcore\4.4.13\httpcore-4.4.13.jar;C:\Users\e678332\.m2\repository\commons-logging\commons-logging\1.2\commons-logging-1.2.jar;C:\Users\e678332\.m2\repository\commons-codec\commons-codec\1.11\commons-codec-1.11.jar;C:\Users\e678332\.m2\repository\org\apache\httpcomponents\httpmime\4.5.13\httpmime-4.5.13.jar;C:\Users\e678332\.m2\repository\org\hamcrest\hamcrest\2.1\hamcrest-2.1.jar;C:\Users\e678332\.m2\repository\org\ccil\cowan\tagsoup\tagsoup\1.2.1\tagsoup-1.2.1.jar;C:\Users\e678332\.m2\repository\io\rest-assured\json-path\4.4.0\json-path-4.4.0.jar;C:\Users\e678332\.m2\repository\org\codehaus\groovy\groovy-json\3.0.8\groovy-json-3.0.8.jar;C:\Users\e678332\.m2\repository\io\rest-assured\rest-assured-common\4.4.0\rest-assured-common-4.4.0.jar;C:\Users\e678332\.m2\repository\io\rest-assured\xml-path\4.4.0\xml-path-4.4.0.jar;C:\Users\e678332\.m2\repository\jakarta\xml\bind\jakarta.xml.bind-api\2.3.3\jakarta.xml.bind-api-2.3.3.jar;C:\Users\e678332\.m2\repository\jakarta\activation\jakarta.activation-api\1.2.2\jakarta.activation-api-1.2.2.jar;C:\Users\e678332\.m2\repository\com\sun\xml\bind\jaxb-impl\2.3.3\jaxb-impl-2.3.3.jar;C:\Users\e678332\.m2\repository\org\json\json\20210307\json-20210307.jar;C:\Users\e678332\.m2\repository\com\fasterxml\jackson\core\jackson-databind\2.13.0\jackson-databind-2.13.0.jar;C:\Users\e678332\.m2\repository\com\fasterxml\jackson\core\jackson-annotations\2.13.0\jackson-annotations-2.13.0.jar;C:\Users\e678332\.m2\repository\com\fasterxml\jackson\core\jackson-core\2.13.0\jackson-core-2.13.0.jar;"/>
    <property name="java.vm.vendor" value="AdoptOpenJDK"/>
    <property name="sun.arch.data.model" value="64"/>
    <property name="user.variant" value=""/>
    <property name="java.vendor.url" value="https://adoptopenjdk.net/"/>
    <property name="user.timezone" value="America/Los_Angeles"/>
    <property name="os.name" value="Windows 10"/>
    <property name="java.vm.specification.version" value="15"/>
    <property name="sun.java.launcher" value="SUN_STANDARD"/>
    <property name="user.country" value="US"/>
    <property name="sun.boot.library.path" value="C:\Program Files\AdoptOpenJDK\jdk-15.0.1.9-hotspot\bin"/>
    <property name="sun.java.command" value="C:\Users\e678332\AppData\Local\Temp\surefire18237529806371704855\surefirebooter15989993833685384751.jar C:\Users\e678332\AppData\Local\Temp\surefire18237529806371704855 2021-11-24T20-01-33_297-jvmRun1 surefire3847800315415807190tmp surefire_015854107472753772169tmp"/>
    <property name="jdk.debug" value="release"/>
    <property name="surefire.test.class.path" value="C:\Users\e678332\MobileAPIProject\target\test-classes;C:\Users\e678332\MobileAPIProject\target\classes;C:\Users\e678332\.m2\repository\ru\yandex\qatools\allure\allure-java-aspects\1.5.4\allure-java-aspects-1.5.4.jar;C:\Users\e678332\.m2\repository\ru\yandex\qatools\allure\allure-java-adaptor-api\1.5.4\allure-java-adaptor-api-1.5.4.jar;C:\Users\e678332\.m2\repository\ru\yandex\qatools\allure\allure-java-annotations\1.5.4\allure-java-annotations-1.5.4.jar;C:\Users\e678332\.m2\repository\ru\yandex\qatools\allure\allure-model\1.5.4\allure-model-1.5.4.jar;C:\Users\e678332\.m2\repository\org\jvnet\jaxb2_commons\jaxb2-basics-runtime\0.9.3\jaxb2-basics-runtime-0.9.3.jar;C:\Users\e678332\.m2\repository\ru\qatools\commons\properties\2.0.RC5\properties-2.0.RC5.jar;C:\Users\e678332\.m2\repository\org\apache\tika\tika-core\1.7\tika-core-1.7.jar;C:\Users\e678332\.m2\repository\org\aspectj\aspectjrt\1.8.3\aspectjrt-1.8.3.jar;C:\Users\e678332\.m2\repository\info\cukes\cucumber-java\1.2.5\cucumber-java-1.2.5.jar;C:\Users\e678332\.m2\repository\info\cukes\cucumber-core\1.2.5\cucumber-core-1.2.5.jar;C:\Users\e678332\.m2\repository\info\cukes\cucumber-html\0.2.3\cucumber-html-0.2.3.jar;C:\Users\e678332\.m2\repository\org\junit\jupiter\junit-jupiter-api\5.7.0\junit-jupiter-api-5.7.0.jar;C:\Users\e678332\.m2\repository\org\apiguardian\apiguardian-api\1.1.0\apiguardian-api-1.1.0.jar;C:\Users\e678332\.m2\repository\org\opentest4j\opentest4j\1.2.0\opentest4j-1.2.0.jar;C:\Users\e678332\.m2\repository\org\junit\platform\junit-platform-commons\1.7.0\junit-platform-commons-1.7.0.jar;C:\Users\e678332\.m2\repository\info\cukes\cucumber-junit\1.2.5\cucumber-junit-1.2.5.jar;C:\Users\e678332\.m2\repository\info\cukes\cucumber-jvm-deps\1.0.5\cucumber-jvm-deps-1.0.5.jar;C:\Users\e678332\.m2\repository\net\masterthought\cucumber-reporting\3.11.0\cucumber-reporting-3.11.0.jar;C:\Users\e678332\.m2\repository\org\apache\logging\log4j\log4j-api\2.8.2\log4j-api-2.8.2.jar;C:\Users\e678332\.m2\repository\org\apache\logging\log4j\log4j-core\2.8.2\log4j-core-2.8.2.jar;C:\Users\e678332\.m2\repository\org\apache\velocity\velocity\1.7\velocity-1.7.jar;C:\Users\e678332\.m2\repository\commons-collections\commons-collections\3.2.1\commons-collections-3.2.1.jar;C:\Users\e678332\.m2\repository\commons-lang\commons-lang\2.4\commons-lang-2.4.jar;C:\Users\e678332\.m2\repository\velocity-tools\velocity-tools\1.4\velocity-tools-1.4.jar;C:\Users\e678332\.m2\repository\joda-time\joda-time\2.9.9\joda-time-2.9.9.jar;C:\Users\e678332\.m2\repository\org\apache\commons\commons-lang3\3.6\commons-lang3-3.6.jar;C:\Users\e678332\.m2\repository\commons-io\commons-io\2.5\commons-io-2.5.jar;C:\Users\e678332\.m2\repository\net\lingala\zip4j\zip4j\1.3.2\zip4j-1.3.2.jar;C:\Users\e678332\.m2\repository\org\codehaus\plexus\plexus-utils\3.0.24\plexus-utils-3.0.24.jar;C:\Users\e678332\.m2\repository\org\jsoup\jsoup\1.10.3\jsoup-1.10.3.jar;C:\Users\e678332\.m2\repository\com\googlecode\owasp-java-html-sanitizer\owasp-java-html-sanitizer\20170515.1\owasp-java-html-sanitizer-20170515.1.jar;C:\Users\e678332\.m2\repository\com\google\guava\guava\20.0\guava-20.0.jar;C:\Users\e678332\.m2\repository\io\qameta\allure\allure-cucumber5-jvm\2.13.6\allure-cucumber5-jvm-2.13.6.jar;C:\Users\e678332\.m2\repository\io\qameta\allure\allure-java-commons\2.13.6\allure-java-commons-2.13.6.jar;C:\Users\e678332\.m2\repository\io\qameta\allure\allure-model\2.13.6\allure-model-2.13.6.jar;C:\Users\e678332\.m2\repository\org\slf4j\slf4j-api\1.7.30\slf4j-api-1.7.30.jar;C:\Users\e678332\.m2\repository\org\jooq\joor-java-8\0.9.13\joor-java-8-0.9.13.jar;C:\Users\e678332\.m2\repository\io\cucumber\gherkin\5.1.0\gherkin-5.1.0.jar;C:\Users\e678332\.m2\repository\io\cucumber\gherkin-jvm-deps\1.0.4\gherkin-jvm-deps-1.0.4.jar;C:\Users\e678332\.m2\repository\io\qameta\allure\allure-junit5\2.13.6\allure-junit5-2.13.6.jar;C:\Users\e678332\.m2\repository\io\qameta\allure\allure-junit-platform\2.13.6\allure-junit-platform-2.13.6.jar;C:\Users\e678332\.m2\repository\org\junit\platform\junit-platform-launcher\1.7.0\junit-platform-launcher-1.7.0.jar;C:\Users\e678332\.m2\repository\org\junit\platform\junit-platform-engine\1.7.0\junit-platform-engine-1.7.0.jar;C:\Users\e678332\.m2\repository\info\cukes\gherkin\2.12.2\gherkin-2.12.2.jar;C:\Users\e678332\.m2\repository\junit\junit\4.12\junit-4.12.jar;C:\Users\e678332\.m2\repository\org\hamcrest\hamcrest-core\1.3\hamcrest-core-1.3.jar;C:\Users\e678332\.m2\repository\io\rest-assured\rest-assured\4.4.0\rest-assured-4.4.0.jar;C:\Users\e678332\.m2\repository\org\codehaus\groovy\groovy\3.0.8\groovy-3.0.8.jar;C:\Users\e678332\.m2\repository\org\codehaus\groovy\groovy-xml\3.0.8\groovy-xml-3.0.8.jar;C:\Users\e678332\.m2\repository\org\apache\httpcomponents\httpclient\4.5.13\httpclient-4.5.13.jar;C:\Users\e678332\.m2\repository\org\apache\httpcomponents\httpcore\4.4.13\httpcore-4.4.13.jar;C:\Users\e678332\.m2\repository\commons-logging\commons-logging\1.2\commons-logging-1.2.jar;C:\Users\e678332\.m2\repository\commons-codec\commons-codec\1.11\commons-codec-1.11.jar;C:\Users\e678332\.m2\repository\org\apache\httpcomponents\httpmime\4.5.13\httpmime-4.5.13.jar;C:\Users\e678332\.m2\repository\org\hamcrest\hamcrest\2.1\hamcrest-2.1.jar;C:\Users\e678332\.m2\repository\org\ccil\cowan\tagsoup\tagsoup\1.2.1\tagsoup-1.2.1.jar;C:\Users\e678332\.m2\repository\io\rest-assured\json-path\4.4.0\json-path-4.4.0.jar;C:\Users\e678332\.m2\repository\org\codehaus\groovy\groovy-json\3.0.8\groovy-json-3.0.8.jar;C:\Users\e678332\.m2\repository\io\rest-assured\rest-assured-common\4.4.0\rest-assured-common-4.4.0.jar;C:\Users\e678332\.m2\repository\io\rest-assured\xml-path\4.4.0\xml-path-4.4.0.jar;C:\Users\e678332\.m2\repository\jakarta\xml\bind\jakarta.xml.bind-api\2.3.3\jakarta.xml.bind-api-2.3.3.jar;C:\Users\e678332\.m2\repository\jakarta\activation\jakarta.activation-api\1.2.2\jakarta.activation-api-1.2.2.jar;C:\Users\e678332\.m2\repository\com\sun\xml\bind\jaxb-impl\2.3.3\jaxb-impl-2.3.3.jar;C:\Users\e678332\.m2\repository\org\json\json\20210307\json-20210307.jar;C:\Users\e678332\.m2\repository\com\fasterxml\jackson\core\jackson-databind\2.13.0\jackson-databind-2.13.0.jar;C:\Users\e678332\.m2\repository\com\fasterxml\jackson\core\jackson-annotations\2.13.0\jackson-annotations-2.13.0.jar;C:\Users\e678332\.m2\repository\com\fasterxml\jackson\core\jackson-core\2.13.0\jackson-core-2.13.0.jar;"/>
    <property name="allure.results.directory" value="C:\Users\e678332\MobileAPIProject\target/allure-results"/>
    <property name="sun.cpu.endian" value="little"/>
    <property name="user.home" value="C:\Users\e678332"/>
    <property name="user.language" value="en"/>
    <property name="java.specification.vendor" value="Oracle Corporation"/>
    <property name="java.version.date" value="2020-10-20"/>
    <property name="java.home" value="C:\Program Files\AdoptOpenJDK\jdk-15.0.1.9-hotspot"/>
    <property name="file.separator" value="\"/>
    <property name="basedir" value="C:\Users\e678332\MobileAPIProject"/>
    <property name="java.vm.compressedOopsMode" value="Zero based"/>
    <property name="line.separator" value="&#10;"/>
    <property name="java.vm.specification.vendor" value="Oracle Corporation"/>
    <property name="java.specification.name" value="Java Platform API Specification"/>
    <property name="surefire.real.class.path" value="C:\Users\e678332\AppData\Local\Temp\surefire18237529806371704855\surefirebooter15989993833685384751.jar"/>
    <property name="user.script" value=""/>
    <property name="sun.management.compiler" value="HotSpot 64-Bit Tiered Compilers"/>
    <property name="java.runtime.version" value="15.0.1+9"/>
    <property name="user.name" value="E678332"/>
    <property name="path.separator" value=";"/>
    <property name="os.version" value="10.0"/>
    <property name="java.runtime.name" value="OpenJDK Runtime Environment"/>
    <property name="file.encoding" value="Cp1252"/>
    <property name="java.vm.name" value="OpenJDK 64-Bit Server VM"/>
    <property name="java.vendor.version" value="AdoptOpenJDK"/>
    <property name="localRepository" value="C:\Users\e678332\.m2\repository"/>
    <property name="java.vendor.url.bug" value="https://github.com/AdoptOpenJDK/openjdk-support/issues"/>
    <property name="java.io.tmpdir" value="C:\Users\e678332\AppData\Local\Temp\"/>
    <property name="java.version" value="15.0.1"/>
    <property name="user.dir" value="C:\Users\e678332\MobileAPIProject"/>
    <property name="os.arch" value="amd64"/>
    <property name="java.vm.specification.name" value="Java Virtual Machine Specification"/>
    <property name="sun.os.patch.level" value=""/>
    <property name="java.library.path" value="C:\Program Files\AdoptOpenJDK\jdk-15.0.1.9-hotspot\bin;C:\WINDOWS\Sun\Java\bin;C:\WINDOWS\system32;C:\WINDOWS;C:\Program Files\AdoptOpenJDK\jdk-15.0.1.9-hotspot\bin;C:\WINDOWS\CCM\;C:\Program Files (x86)\Common Files\Oracle\Java\javapath;C:\WINDOWS\system32;C:\WINDOWS;C:\WINDOWS\System32\Wbem;C:\WINDOWS\System32\WindowsPowerShell\v1.0\;C:\WINDOWS\System32\OpenSSH\;C:\WINDOWS\system32\config\systemprofile\AppData\Local\Microsoft\WindowsApps;C:\Program Files (x86)\WebEx\Productivity Tools;;C:\Program Files (x86)\Adaptiva\AdaptivaClient\bin\x32;C:\Program Files (x86)\Adaptiva\AdaptivaClient\bin\x64;C:\Program Files\Verint15.2\DPA\Client\;C:\Program Files (x86)\Verint\Playback\;C:\Program Files (x86)\Verint\Logger\;C:\Program Files\Verint\DPA\Client\;C:\Users\e678332\scoop\shims;C:\Users\e678332\AppData\Local\Microsoft\WindowsApps;C:\Program Files\AdoptOpenJDK\jdk-15.0.1.9-hotspot\bin;C:\Program Files\Java\jre1.8.0_271\bin;C:\Users\e678332\AppData\Local\GitHubDesktop\bin\cmd;C:\Users\e678332\AppData\Local\Programs\Microsoft VS Code\bin;C:\Downloads\Maven\apache-maven-3.6.3\bin;C:\Users\e678332\AppData\Local\Programs\Git\cmd;C:\Users\e678332\AppData\Local\GitHubDesktop\bin;."/>
    <property name="java.vm.info" value="mixed mode, sharing"/>
    <property name="java.vendor" value="AdoptOpenJDK"/>
    <property name="java.vm.version" value="15.0.1+9"/>
    <property name="sun.io.unicode.encoding" value="UnicodeLittle"/>
    <property name="java.class.version" value="59.0"/>
  </properties>
  <testcase name="Given set the base uri as &quot;https://apisuat.calif.aaa.com/ebiz/uat2&quot;" classname="| sonico.kris@aaa-calif.com | autoclub1 | 2020-10-15 | 6200041275393303 | 1978-10-27 | sonico.kris@aaa-calif.com | autoclub1 | 004 |" time="0.556">
    <system-out><![CDATA[Feature: 

  Scenario Outline: Register User                                                                                        &amp#27;[90m# MobileAPI.feature:7&amp#27;[0m
    #    Given Set POST request Body Of Register User email as "<email>" password as "<password>" memExpDate as "<memExpDate>" memNumber as "<memNumber>" and DOB as "<DOB>"
    #    And set request header "X-IBM-Client-Id" as "832512b7-ca21-4ea5-a3dd-ab53a2ce7ca2"
    #    And set request header "X-IBM-Client-Secret" as "jB8oN2hF3wQ0jD8cY0cD7kA8cW4dY4tH7dH8bB0eU5nO1jJ1lQ"
    #    And set request header "Content-Type" as "application/json"
    #    When Submit POST Register user request "/account"
    #    And  validate response code as "200"
    &amp#27;[36mAnd &amp#27;[0m&amp#27;[36mSet POST request body Of Login Member username as "<username>" password as "<password>" clubCode as "<clubCode>"&amp#27;[0m
    &amp#27;[36mAnd &amp#27;[0m&amp#27;[36mset request header "X-IBM-Client-Id" as "832512b7-ca21-4ea5-a3dd-ab53a2ce7ca2"&amp#27;[0m
    &amp#27;[36mAnd &amp#27;[0m&amp#27;[36mset request header "X-IBM-Client-Secret" as "jB8oN2hF3wQ0jD8cY0cD7kA8cW4dY4tH7dH8bB0eU5nO1jJ1lQ"&amp#27;[0m
    &amp#27;[36mAnd &amp#27;[0m&amp#27;[36mset request header "Content-Type" as "application/json"&amp#27;[0m
    &amp#27;[36mAnd &amp#27;[0m&amp#27;[36mSubmit POST Login user request "/user/session"&amp#27;[0m
    &amp#27;[36mAnd &amp#27;[0m&amp#27;[36mvalidate response code as "200"&amp#27;[0m
    &amp#27;[36mAnd &amp#27;[0m&amp#27;[36mValidate response body accessToken as "e" customerId as "000000000000000"&amp#27;[0m
    #    And set request header "X-IBM-Client-Id" as "832512b7-ca21-4ea5-a3dd-ab53a2ce7ca2"
    #    And set request header "X-IBM-Client-Secret" as "jB8oN2hF3wQ0jD8cY0cD7kA8cW4dY4tH7dH8bB0eU5nO1jJ1lQ"
    &amp#27;[36mAnd &amp#27;[0m&amp#27;[36mset request accessToken header "Authorization"&amp#27;[0m
    #    And Set GET List of Policies parameter clubCode as "<clubCode>" customerId as "<customerId>"
    &amp#27;[36mAnd &amp#27;[0m&amp#27;[36mSubmit GET list of policies "/policies"&amp#27;[0m
    &amp#27;[36mAnd &amp#27;[0m&amp#27;[36mvalidate response code as "200"&amp#27;[0m
    &amp#27;[36mAnd &amp#27;[0m&amp#27;[36mvalidate response fields policyType as "Auto" policyNumber as "CAA"&amp#27;[0m
    #    And Set GET list of Auto policies parameter autopolicyNumber as "<autoPolicy>"  clubCode as "<clubCode>" customerId as "<customerId>"
    #    And set request accessToken header "Authorization"
    &amp#27;[36mAnd &amp#27;[0m&amp#27;[36mSubmit GET list of auto policies "/autopolicy"&amp#27;[0m
    &amp#27;[36mAnd &amp#27;[0m&amp#27;[36mvalidate response code as "200"&amp#27;[0m
    &amp#27;[36mAnd &amp#27;[0m&amp#27;[36mvalidate response fields autoPolicyNumber as "<autoPolicyNumber>"&amp#27;[0m

    Examples: 
]]></system-out>
  </testcase>
  <testcase name="And Set POST request body Of Login Member username as &quot;sonico.kris@aaa-calif.com&quot; password as &quot;autoclub1&quot; clubCode as &quot;004&quot;" classname="| sonico.kris@aaa-calif.com | autoclub1 | 2020-10-15 | 6200041275393303 | 1978-10-27 | sonico.kris@aaa-calif.com | autoclub1 | 004 |" time="0.059">
    <system-out><![CDATA[
  Background: Launch Base API Url                                       &amp#27;[90m# MobileAPI.feature:3&amp#27;[0m
    &amp#27;[32mGiven &amp#27;[0m&amp#27;[32mset the base uri as "&amp#27;[0m&amp#27;[32m&amp#27;[1mhttps://apisuat.calif.aaa.com/ebiz/uat2&amp#27;[0m&amp#27;[32m"&amp#27;[0m &amp#27;[90m# MobileAPIStepDefinition.set_the_base_uri_as(String)&amp#27;[0m
]]></system-out>
  </testcase>
  <testcase name="And set request header &quot;X-IBM-Client-Id&quot; as &quot;832512b7-ca21-4ea5-a3dd-ab53a2ce7ca2&quot;" classname="| sonico.kris@aaa-calif.com | autoclub1 | 2020-10-15 | 6200041275393303 | 1978-10-27 | sonico.kris@aaa-calif.com | autoclub1 | 004 |" time="0.007"/>
  <testcase name="And set request header &quot;X-IBM-Client-Secret&quot; as &quot;jB8oN2hF3wQ0jD8cY0cD7kA8cW4dY4tH7dH8bB0eU5nO1jJ1lQ&quot;" classname="| sonico.kris@aaa-calif.com | autoclub1 | 2020-10-15 | 6200041275393303 | 1978-10-27 | sonico.kris@aaa-calif.com | autoclub1 | 004 |" time="0.031"/>
  <testcase name="And set request header &quot;Content-Type&quot; as &quot;application/json&quot;" classname="| sonico.kris@aaa-calif.com | autoclub1 | 2020-10-15 | 6200041275393303 | 1978-10-27 | sonico.kris@aaa-calif.com | autoclub1 | 004 |" time="0.006"/>
  <testcase name="And Submit POST Login user request &quot;/user/session&quot;" classname="| sonico.kris@aaa-calif.com | autoclub1 | 2020-10-15 | 6200041275393303 | 1978-10-27 | sonico.kris@aaa-calif.com | autoclub1 | 004 |" time="0.007">
    <system-out><![CDATA[response code is:200
response is:{ "access_token":"eyJraWQiOiJIcnlEM1plSXE5TjRJZGhUNWRuQjNrSHdsRE4yR2pjXzNsZFRxMF90cDZrIiwiYWxnIjoiUlMyNTYifQ.eyJ2ZXIiOjEsImp0aSI6IkFULnFpU0xJaHVQX1dGeURiTks3TzB2Wktab3RsU1dVSEpKaDVFTHp0ZXZWRTAub2FyMWRzbmlzN0w3d1RDN1UwaDciLCJpc3MiOiJodHRwczovL2FjZS1pZGVudGl0eS5va3RhcHJldmlldy5jb20vb2F1dGgyL2F1c21vZnF1bzYyY0h0WU5rMGg3IiwiYXVkIjoiMG9hbW45NWNyNmZKODBZdFYwaDciLCJpYXQiOjE2Mzc4MTI5MTksImV4cCI6MTYzNzgxNjUxOSwiY2lkIjoiMG9hbW45NWNyNmZKODBZdFYwaDciLCJ1aWQiOiIwMHUxMTE5ZnRiYlBKejAxbTBoOCIsInNjcCI6WyJvZmZsaW5lX2FjY2VzcyIsInByb2ZpbGUiLCJvcGVuaWQiLCJjbHViQ29kZSIsInNjb3BlIiwiY3VzdG9tZXJJZCJdLCJzdWIiOiJzb25pY28ua3Jpc0BhYWEtY2FsaWYuY29tIiwic2VsZlJlY292ZXJ5IjpmYWxzZSwiY2x1YkNvZGUiOiIwMDQiLCJzY29wZSI6WyJndWlkZXdpcmUuZWRnZS5wb2xpY3kuQ0hPMTc3NTk5MjQyLkFMTCIsImd1aWRld2lyZS5lZGdlLnBvbGljeS5DQUEwMjYzOTU5MjcuQUxMIl0sImN1c3RvbWVySWQiOiI0NDEzMzEwMjAxMDE1MjEiLCJwcmVmZXJyZWRfdXNlcm5hbWUiOiJzb25pY28ua3Jpc0BhYWEtY2FsaWYuY29tIn0.mTf8V8IT2VHbjFCAsoEu4VSs-TUslvsmgAjXhVlUyq1FMuKorraBrn8jJJGTpTkHTKLv5l49ILe_KuZFx2jmM2ENcvlNp0WBwgzvQ-Y2SJ6FssMAUmHtrxVn4eFUREzJVKMMdmtr3hiHwAE5ljmwlEIsjRwgH3aMWfvQUc5XVUa9NKwbUkqZXHp_O7bTBI9SJJby1XoN686PN-ip9X_8MCtzcsGb_u-G9AkYLSB2iobcPh3kKh80wNyWBNwMtIencs4S1xHhkdEmkQEZfOVRbgmb-NLZ-OpGzhCNJ11Vv-vRIXlRN0gk0u2eNrM0yR3jvqig0DAeVSXzYb5mQEgmLA", "token_type":"Bearer", "scope":"offline_access profile openid clubCode scope customerId", "id_token":"eyJraWQiOiJIcnlEM1plSXE5TjRJZGhUNWRuQjNrSHdsRE4yR2pjXzNsZFRxMF90cDZrIiwiYWxnIjoiUlMyNTYifQ.eyJ2ZXIiOjEsImp0aSI6IkFULnFpU0xJaHVQX1dGeURiTks3TzB2Wktab3RsU1dVSEpKaDVFTHp0ZXZWRTAub2FyMWRzbmlzN0w3d1RDN1UwaDciLCJpc3MiOiJodHRwczovL2FjZS1pZGVudGl0eS5va3RhcHJldmlldy5jb20vb2F1dGgyL2F1c21vZnF1bzYyY0h0WU5rMGg3IiwiYXVkIjoiMG9hbW45NWNyNmZKODBZdFYwaDciLCJpYXQiOjE2Mzc4MTI5MTksImV4cCI6MTYzNzgxNjUxOSwiY2lkIjoiMG9hbW45NWNyNmZKODBZdFYwaDciLCJ1aWQiOiIwMHUxMTE5ZnRiYlBKejAxbTBoOCIsInNjcCI6WyJvZmZsaW5lX2FjY2VzcyIsInByb2ZpbGUiLCJvcGVuaWQiLCJjbHViQ29kZSIsInNjb3BlIiwiY3VzdG9tZXJJZCJdLCJzdWIiOiJzb25pY28ua3Jpc0BhYWEtY2FsaWYuY29tIiwic2VsZlJlY292ZXJ5IjpmYWxzZSwiY2x1YkNvZGUiOiIwMDQiLCJzY29wZSI6WyJndWlkZXdpcmUuZWRnZS5wb2xpY3kuQ0hPMTc3NTk5MjQyLkFMTCIsImd1aWRld2lyZS5lZGdlLnBvbGljeS5DQUEwMjYzOTU5MjcuQUxMIl0sImN1c3RvbWVySWQiOiI0NDEzMzEwMjAxMDE1MjEiLCJwcmVmZXJyZWRfdXNlcm5hbWUiOiJzb25pY28ua3Jpc0BhYWEtY2FsaWYuY29tIn0.mTf8V8IT2VHbjFCAsoEu4VSs-TUslvsmgAjXhVlUyq1FMuKorraBrn8jJJGTpTkHTKLv5l49ILe_KuZFx2jmM2ENcvlNp0WBwgzvQ-Y2SJ6FssMAUmHtrxVn4eFUREzJVKMMdmtr3hiHwAE5ljmwlEIsjRwgH3aMWfvQUc5XVUa9NKwbUkqZXHp_O7bTBI9SJJby1XoN686PN-ip9X_8MCtzcsGb_u-G9AkYLSB2iobcPh3kKh80wNyWBNwMtIencs4S1xHhkdEmkQEZfOVRbgmb-NLZ-OpGzhCNJ11Vv-vRIXlRN0gk0u2eNrM0yR3jvqig0DAeVSXzYb5mQEgmLA", "refresh_token":"KrwyGzu-6I_RM5QsHSlOzWThPGg7nVqjehJ_49GekPg", "email":"sonico.kris@aaacalif.com", "userName":"sonico.kris@aaa-calif.com", "memberNumber":"6200047749274409", "customerId":"441331020101521", "memberZipCode":"92626", "lastName":"TREASE", "firstName":"XAOBO", "clubCode":"", "status":"0", "statusMessage":"success", "expires_in":"3600" }
]]></system-out>
  </testcase>
  <testcase name="And validate response code as &quot;200&quot;" classname="| sonico.kris@aaa-calif.com | autoclub1 | 2020-10-15 | 6200041275393303 | 1978-10-27 | sonico.kris@aaa-calif.com | autoclub1 | 004 |" time="0.026"/>
  <testcase name="And validate response code as &quot;200&quot;" classname="| sonico.kris@aaa-calif.com | autoclub1 | 2020-10-15 | 6200041275393303 | 1978-10-27 | sonico.kris@aaa-calif.com | autoclub1 | 004 |" time="0.019"/>
  <testcase name="And validate response code as &quot;200&quot;" classname="| sonico.kris@aaa-calif.com | autoclub1 | 2020-10-15 | 6200041275393303 | 1978-10-27 | sonico.kris@aaa-calif.com | autoclub1 | 004 |" time="0.005"/>
  <testcase name="And Validate response body accessToken as &quot;e&quot; customerId as &quot;000000000000000&quot;" classname="| sonico.kris@aaa-calif.com | autoclub1 | 2020-10-15 | 6200041275393303 | 1978-10-27 | sonico.kris@aaa-calif.com | autoclub1 | 004 |" time="0.009">
    <system-out><![CDATA[This is accessToken valueeyJraWQiOiJIcnlEM1plSXE5TjRJZGhUNWRuQjNrSHdsRE4yR2pjXzNsZFRxMF90cDZrIiwiYWxnIjoiUlMyNTYifQ.eyJ2ZXIiOjEsImp0aSI6IkFULnFpU0xJaHVQX1dGeURiTks3TzB2Wktab3RsU1dVSEpKaDVFTHp0ZXZWRTAub2FyMWRzbmlzN0w3d1RDN1UwaDciLCJpc3MiOiJodHRwczovL2FjZS1pZGVudGl0eS5va3RhcHJldmlldy5jb20vb2F1dGgyL2F1c21vZnF1bzYyY0h0WU5rMGg3IiwiYXVkIjoiMG9hbW45NWNyNmZKODBZdFYwaDciLCJpYXQiOjE2Mzc4MTI5MTksImV4cCI6MTYzNzgxNjUxOSwiY2lkIjoiMG9hbW45NWNyNmZKODBZdFYwaDciLCJ1aWQiOiIwMHUxMTE5ZnRiYlBKejAxbTBoOCIsInNjcCI6WyJvZmZsaW5lX2FjY2VzcyIsInByb2ZpbGUiLCJvcGVuaWQiLCJjbHViQ29kZSIsInNjb3BlIiwiY3VzdG9tZXJJZCJdLCJzdWIiOiJzb25pY28ua3Jpc0BhYWEtY2FsaWYuY29tIiwic2VsZlJlY292ZXJ5IjpmYWxzZSwiY2x1YkNvZGUiOiIwMDQiLCJzY29wZSI6WyJndWlkZXdpcmUuZWRnZS5wb2xpY3kuQ0hPMTc3NTk5MjQyLkFMTCIsImd1aWRld2lyZS5lZGdlLnBvbGljeS5DQUEwMjYzOTU5MjcuQUxMIl0sImN1c3RvbWVySWQiOiI0NDEzMzEwMjAxMDE1MjEiLCJwcmVmZXJyZWRfdXNlcm5hbWUiOiJzb25pY28ua3Jpc0BhYWEtY2FsaWYuY29tIn0.mTf8V8IT2VHbjFCAsoEu4VSs-TUslvsmgAjXhVlUyq1FMuKorraBrn8jJJGTpTkHTKLv5l49ILe_KuZFx2jmM2ENcvlNp0WBwgzvQ-Y2SJ6FssMAUmHtrxVn4eFUREzJVKMMdmtr3hiHwAE5ljmwlEIsjRwgH3aMWfvQUc5XVUa9NKwbUkqZXHp_O7bTBI9SJJby1XoN686PN-ip9X_8MCtzcsGb_u-G9AkYLSB2iobcPh3kKh80wNyWBNwMtIencs4S1xHhkdEmkQEZfOVRbgmb-NLZ-OpGzhCNJ11Vv-vRIXlRN0gk0u2eNrM0yR3jvqig0DAeVSXzYb5mQEgmLA
login response custID 441331020101521
]]></system-out>
  </testcase>
  <testcase name="And set request accessToken header &quot;Authorization&quot;" classname="| sonico.kris@aaa-calif.com | autoclub1 | 2020-10-15 | 6200041275393303 | 1978-10-27 | sonico.kris@aaa-calif.com | autoclub1 | 004 |" time="0.013"/>
  <testcase name="And Submit GET list of policies &quot;/policies&quot;" classname="| sonico.kris@aaa-calif.com | autoclub1 | 2020-10-15 | 6200041275393303 | 1978-10-27 | sonico.kris@aaa-calif.com | autoclub1 | 004 |" time="0.009">
    <system-out><![CDATA[{clubCode=004, customerId=441331020101521}
accessToken value after resetting to null  eyJraWQiOiJIcnlEM1plSXE5TjRJZGhUNWRuQjNrSHdsRE4yR2pjXzNsZFRxMF90cDZrIiwiYWxnIjoiUlMyNTYifQ.eyJ2ZXIiOjEsImp0aSI6IkFULnFpU0xJaHVQX1dGeURiTks3TzB2Wktab3RsU1dVSEpKaDVFTHp0ZXZWRTAub2FyMWRzbmlzN0w3d1RDN1UwaDciLCJpc3MiOiJodHRwczovL2FjZS1pZGVudGl0eS5va3RhcHJldmlldy5jb20vb2F1dGgyL2F1c21vZnF1bzYyY0h0WU5rMGg3IiwiYXVkIjoiMG9hbW45NWNyNmZKODBZdFYwaDciLCJpYXQiOjE2Mzc4MTI5MTksImV4cCI6MTYzNzgxNjUxOSwiY2lkIjoiMG9hbW45NWNyNmZKODBZdFYwaDciLCJ1aWQiOiIwMHUxMTE5ZnRiYlBKejAxbTBoOCIsInNjcCI6WyJvZmZsaW5lX2FjY2VzcyIsInByb2ZpbGUiLCJvcGVuaWQiLCJjbHViQ29kZSIsInNjb3BlIiwiY3VzdG9tZXJJZCJdLCJzdWIiOiJzb25pY28ua3Jpc0BhYWEtY2FsaWYuY29tIiwic2VsZlJlY292ZXJ5IjpmYWxzZSwiY2x1YkNvZGUiOiIwMDQiLCJzY29wZSI6WyJndWlkZXdpcmUuZWRnZS5wb2xpY3kuQ0hPMTc3NTk5MjQyLkFMTCIsImd1aWRld2lyZS5lZGdlLnBvbGljeS5DQUEwMjYzOTU5MjcuQUxMIl0sImN1c3RvbWVySWQiOiI0NDEzMzEwMjAxMDE1MjEiLCJwcmVmZXJyZWRfdXNlcm5hbWUiOiJzb25pY28ua3Jpc0BhYWEtY2FsaWYuY29tIn0.mTf8V8IT2VHbjFCAsoEu4VSs-TUslvsmgAjXhVlUyq1FMuKorraBrn8jJJGTpTkHTKLv5l49ILe_KuZFx2jmM2ENcvlNp0WBwgzvQ-Y2SJ6FssMAUmHtrxVn4eFUREzJVKMMdmtr3hiHwAE5ljmwlEIsjRwgH3aMWfvQUc5XVUa9NKwbUkqZXHp_O7bTBI9SJJby1XoN686PN-ip9X_8MCtzcsGb_u-G9AkYLSB2iobcPh3kKh80wNyWBNwMtIencs4S1xHhkdEmkQEZfOVRbgmb-NLZ-OpGzhCNJ11Vv-vRIXlRN0gk0u2eNrM0yR3jvqig0DAeVSXzYb5mQEgmLA
get policies response code 200
get list of policies response{"insurancePolicyList":[{"policyType":"Home","policySubType":"TEN","policyNumber":"CHO177599242","effectiveDate":"2020-12-29","expirationDate":"2021-12-29","authorizedToViewDetails":true,"authorizedPolicyActions":["View policy","View payment & billing history","Get claim status","View policy documents"],"serviceSolution":"HUON"},{"policyType":"Auto","policySubType":"PPA","policyNumber":"CAA026395927","effectiveDate":"2020-10-16","expirationDate":"2021-10-16","authorizedToViewDetails":true,"authorizedPolicyActions":["View policy","View payment & billing history","Get claim status","Add/replace vehicle","Remove vehicles","Change coverages","Change loan or lease company","Add or remove driver","View policy documents","Change address"],"serviceSolution":"HUON"}]}
]]></system-out>
  </testcase>
  <testcase name="And validate response fields policyType as &quot;Auto&quot; policyNumber as &quot;CAA&quot;" classname="| sonico.kris@aaa-calif.com | autoclub1 | 2020-10-15 | 6200041275393303 | 1978-10-27 | sonico.kris@aaa-calif.com | autoclub1 | 004 |" time="0.008">
    <system-out><![CDATA[get list of policies response  {"insurancePolicyList":[{"policyType":"Home","policySubType":"TEN","policyNumber":"CHO177599242","effectiveDate":"2020-12-29","expirationDate":"2021-12-29","authorizedToViewDetails":true,"authorizedPolicyActions":["View policy","View payment & billing history","Get claim status","View policy documents"],"serviceSolution":"HUON"},{"policyType":"Auto","policySubType":"PPA","policyNumber":"CAA026395927","effectiveDate":"2020-10-16","expirationDate":"2021-10-16","authorizedToViewDetails":true,"authorizedPolicyActions":["View policy","View payment & billing history","Get claim status","Add/replace vehicle","Remove vehicles","Change coverages","Change loan or lease company","Add or remove driver","View policy documents","Change address"],"serviceSolution":"HUON"}]}
200
]]></system-out>
  </testcase>
  <testcase name="And Submit GET list of auto policies &quot;/autopolicy&quot;" classname="| sonico.kris@aaa-calif.com | autoclub1 | 2020-10-15 | 6200041275393303 | 1978-10-27 | sonico.kris@aaa-calif.com | autoclub1 | 004 |" time="0.004">
    <system-out><![CDATA[get autopolicies response is:{ "errorCode":500, "errorMessage":"Internal Server Error" }
]]></system-out>
  </testcase>
  <testcase name="And validate response fields autoPolicyNumber as &quot;&lt;autoPolicyNumber&gt;&quot;" classname="| sonico.kris@aaa-calif.com | autoclub1 | 2020-10-15 | 6200041275393303 | 1978-10-27 | sonico.kris@aaa-calif.com | autoclub1 | 004 |" time="0.012">
    <failure type="java.lang.AssertionError"><![CDATA[java.lang.AssertionError: expected:<<autoPolicyNumber>> but was:<null>
]]></failure>
    <system-out><![CDATA[200
get list of autopolicy numbers { "errorCode":500, "errorMessage":"Internal Server Error" }
]]></system-out>
  </testcase>
  <testcase name="| sonico.kris@aaa-calif.com | autoclub1 | 2020-10-15 | 6200041275393303 | 1978-10-27 | sonico.kris@aaa-calif.com | autoclub1 | 004 |" classname="Examples: " time="0.337">
    <failure type="java.lang.AssertionError"><![CDATA[java.lang.AssertionError: expected:<<autoPolicyNumber>> but was:<null>
]]></failure>
  </testcase>
  <testcase name="| sonico.kris@aaa-calif.com | autoclub1 | 2020-10-15 | 6200041275393303 | 1978-10-27 | sonico.kris@aaa-calif.com | autoclub1 | 004 |" classname="Examples: " time="0.342">
    <failure type="java.lang.AssertionError"><![CDATA[java.lang.AssertionError: expected:<<autoPolicyNumber>> but was:<null>
]]></failure>
  </testcase>
  <testcase name="| &quot;mobileapptest@aaa-calif.com | autoclub1 | 2020-10-15 | 1978-10-27 | sonico.kris@aaa-calif.com | autoclub1 | 004 |" classname="Examples: " time="0.027">
    <failure type="java.lang.AssertionError"><![CDATA[java.lang.AssertionError: expected:<477492744> but was:<null>
]]></failure>
  </testcase>
  <testcase name="| &quot;mobileapptest@aaa-calif.com | autoclub1 | 2020-10-15 | 1978-10-27 | sonico.kris@aaa-calif.com | autoclub1 | 004 |" classname="Examples: " time="0.041">
    <failure type="java.lang.AssertionError"><![CDATA[java.lang.AssertionError: expected:<477492744> but was:<null>
]]></failure>
  </testcase>
  <testcase name="Given set the base uri as &quot;https://apisuat.calif.aaa.com/ebiz/uat2&quot;" classname="| &quot;mobileapptest@aaa-calif.com | autoclub1 | 2020-10-15 | 1978-10-27 | sonico.kris@aaa-calif.com | autoclub1 | 004 |" time="0.016">
    <system-out><![CDATA[
  Scenario Outline: Register User                                                                                               &amp#27;[90m# MobileAPI.feature:38&amp#27;[0m
    #    Given Set POST request Body Of Register User email as "<email>" password as "<password>" memExpDate as "<memExpDate>" memNumber as "<memNumber>" and DOB as "<DOB>"
    #    And set request header "X-IBM-Client-Id" as "832512b7-ca21-4ea5-a3dd-ab53a2ce7ca2"
    #    And set request header "X-IBM-Client-Secret" as "jB8oN2hF3wQ0jD8cY0cD7kA8cW4dY4tH7dH8bB0eU5nO1jJ1lQ"
    #    And set request header "Content-Type" as "application/json"
    #    When Submit POST Register user request "/account"
    #    And  validate response code as "200"
    &amp#27;[32mAnd &amp#27;[0m&amp#27;[32mSet POST request body Of Login Member username as "&amp#27;[0m&amp#27;[32m&amp#27;[1msonico.kris@aaa-calif.com&amp#27;[0m&amp#27;[32m" password as "&amp#27;[0m&amp#27;[32m&amp#27;[1mautoclub1&amp#27;[0m&amp#27;[32m" clubCode as "&amp#27;[0m&amp#27;[32m&amp#27;[1m004&amp#27;[0m&amp#27;[32m"&amp#27;[0m &amp#27;[90m# MobileAPIStepDefinition.set_post_request_body_of_login_member_username_as_password_as_club_code_as(String,String,String)&amp#27;[0m
    &amp#27;[32mAnd &amp#27;[0m&amp#27;[32mset request header "&amp#27;[0m&amp#27;[32m&amp#27;[1mX-IBM-Client-Id&amp#27;[0m&amp#27;[32m" as "&amp#27;[0m&amp#27;[32m&amp#27;[1m832512b7-ca21-4ea5-a3dd-ab53a2ce7ca2&amp#27;[0m&amp#27;[32m"&amp#27;[0m                                          &amp#27;[90m# requestHandler.set_request_header_as(String,String)&amp#27;[0m
    &amp#27;[32mAnd &amp#27;[0m&amp#27;[32mset request header "&amp#27;[0m&amp#27;[32m&amp#27;[1mX-IBM-Client-Secret&amp#27;[0m&amp#27;[32m" as "&amp#27;[0m&amp#27;[32m&amp#27;[1mjB8oN2hF3wQ0jD8cY0cD7kA8cW4dY4tH7dH8bB0eU5nO1jJ1lQ&amp#27;[0m&amp#27;[32m"&amp#27;[0m                        &amp#27;[90m# requestHandler.set_request_header_as(String,String)&amp#27;[0m
    &amp#27;[32mAnd &amp#27;[0m&amp#27;[32mset request header "&amp#27;[0m&amp#27;[32m&amp#27;[1mContent-Type&amp#27;[0m&amp#27;[32m" as "&amp#27;[0m&amp#27;[32m&amp#27;[1mapplication/json&amp#27;[0m&amp#27;[32m"&amp#27;[0m                                                                 &amp#27;[90m# requestHandler.set_request_header_as(String,String)&amp#27;[0m
    &amp#27;[32mAnd &amp#27;[0m&amp#27;[32mSubmit POST Login user request "&amp#27;[0m&amp#27;[32m&amp#27;[1m/user/session&amp#27;[0m&amp#27;[32m"&amp#27;[0m                                                                          &amp#27;[90m# MobileAPIStepDefinition.submit_post_login_user_request(String)&amp#27;[0m
    &amp#27;[32mAnd &amp#27;[0m&amp#27;[32mvalidate response code as "&amp#27;[0m&amp#27;[32m&amp#27;[1m200&amp#27;[0m&amp#27;[32m"&amp#27;[0m                                                                                         &amp#27;[90m# responseHandler.validate_response_code_as(String)&amp#27;[0m
    &amp#27;[32mAnd &amp#27;[0m&amp#27;[32mValidate response body accessToken as "&amp#27;[0m&amp#27;[32m&amp#27;[1me&amp#27;[0m&amp#27;[32m" customerId as "&amp#27;[0m&amp#27;[32m&amp#27;[1m000000000000000&amp#27;[0m&amp#27;[32m"&amp#27;[0m                                               &amp#27;[90m# MobileAPIStepDefinition.validate_response_body_access_token_as_customer_id_as(String,String)&amp#27;[0m
    #    And set request header "X-IBM-Client-Id" as "832512b7-ca21-4ea5-a3dd-ab53a2ce7ca2"
    #    And set request header "X-IBM-Client-Secret" as "jB8oN2hF3wQ0jD8cY0cD7kA8cW4dY4tH7dH8bB0eU5nO1jJ1lQ"
    &amp#27;[32mAnd &amp#27;[0m&amp#27;[32mset request accessToken header "&amp#27;[0m&amp#27;[32m&amp#27;[1mAuthorization&amp#27;[0m&amp#27;[32m"&amp#27;[0m                                                                          &amp#27;[90m# MobileAPIStepDefinition.set_request_access_token_header(String)&amp#27;[0m
    #    And Set GET List of Policies parameter clubCode as "<clubCode>" customerId as "<customerId>"
    &amp#27;[32mAnd &amp#27;[0m&amp#27;[32mSubmit GET list of policies "&amp#27;[0m&amp#27;[32m&amp#27;[1m/policies&amp#27;[0m&amp#27;[32m"&amp#27;[0m                                                                                 &amp#27;[90m# MobileAPIStepDefinition.submit_get_list_of_policies(String)&amp#27;[0m
    &amp#27;[32mAnd &amp#27;[0m&amp#27;[32mvalidate response code as "&amp#27;[0m&amp#27;[32m&amp#27;[1m200&amp#27;[0m&amp#27;[32m"&amp#27;[0m                                                                                         &amp#27;[90m# responseHandler.validate_response_code_as(String)&amp#27;[0m
    &amp#27;[32mAnd &amp#27;[0m&amp#27;[32mvalidate response fields policyType as "&amp#27;[0m&amp#27;[32m&amp#27;[1mAuto&amp#27;[0m&amp#27;[32m" policyNumber as "&amp#27;[0m&amp#27;[32m&amp#27;[1mCAA&amp#27;[0m&amp#27;[32m"&amp#27;[0m                                                     &amp#27;[90m# MobileAPIStepDefinition.validate_response_fields_policy_type_as_policy_number_as(String,String)&amp#27;[0m
    #    And Set GET list of Auto policies parameter autopolicyNumber as "<autoPolicy>"  clubCode as "<clubCode>" customerId as "<customerId>"
    #    And set request accessToken header "Authorization"
    &amp#27;[32mAnd &amp#27;[0m&amp#27;[32mSubmit GET list of auto policies "&amp#27;[0m&amp#27;[32m&amp#27;[1m/autopolicy&amp#27;[0m&amp#27;[32m"&amp#27;[0m                                                                          &amp#27;[90m# MobileAPIStepDefinition.submit_get_list_of_auto_policies(String)&amp#27;[0m
    &amp#27;[32mAnd &amp#27;[0m&amp#27;[32mvalidate response code as "&amp#27;[0m&amp#27;[32m&amp#27;[1m200&amp#27;[0m&amp#27;[32m"&amp#27;[0m                                                                                         &amp#27;[90m# responseHandler.validate_response_code_as(String)&amp#27;[0m
    &amp#27;[31mAnd &amp#27;[0m&amp#27;[31mvalidate response fields autoPolicyNumber as "&amp#27;[0m&amp#27;[31m&amp#27;[1m<autoPolicyNumber>&amp#27;[0m&amp#27;[31m"&amp#27;[0m                                                       &amp#27;[90m# MobileAPIStepDefinition.validate_response_fields_auto_policy_number_as(String)&amp#27;[0m
      &amp#27;[31mjava.lang.AssertionError: expected:<<autoPolicyNumber>> but was:<null>
      	at org.junit.Assert.fail(Assert.java:88)
      	at org.junit.Assert.failNotEquals(Assert.java:834)
      	at org.junit.Assert.assertEquals(Assert.java:118)
      	at org.junit.Assert.assertEquals(Assert.java:144)
      	at stepDefinition.MobileAPIStepDefinition.validate_response_fields_auto_policy_number_as(MobileAPIStepDefinition.java:227)
      	at ?.And validate response fields autoPolicyNumber as "<autoPolicyNumber>"(MobileAPI.feature:32)
      &amp#27;[0m

  Scenario Outline: Get Membership Details                                                                               &amp#27;[90m# MobileAPI.feature:41&amp#27;[0m
    &amp#27;[36mAnd &amp#27;[0m&amp#27;[36mSet POST request body Of Login Member username as "<username>" password as "<password>" clubCode as "<clubCode>"&amp#27;[0m
    &amp#27;[36mAnd &amp#27;[0m&amp#27;[36mset request header "X-IBM-Client-Id" as "832512b7-ca21-4ea5-a3dd-ab53a2ce7ca2"&amp#27;[0m
    &amp#27;[36mAnd &amp#27;[0m&amp#27;[36mset request header "X-IBM-Client-Secret" as "jB8oN2hF3wQ0jD8cY0cD7kA8cW4dY4tH7dH8bB0eU5nO1jJ1lQ"&amp#27;[0m
    &amp#27;[36mAnd &amp#27;[0m&amp#27;[36mset request header "Content-Type" as "application/json"&amp#27;[0m
    &amp#27;[36mAnd &amp#27;[0m&amp#27;[36mSubmit POST Login user request "/user/session"&amp#27;[0m
    &amp#27;[36mAnd &amp#27;[0m&amp#27;[36mvalidate response code as "200"&amp#27;[0m
    &amp#27;[36mAnd &amp#27;[0m&amp#27;[36mValidate response body accessToken as "e" customerId as "000000000000000"&amp#27;[0m
    &amp#27;[36mAnd &amp#27;[0m&amp#27;[36mValidate response body memberNumber as "0000000000000000"&amp#27;[0m
    &amp#27;[36mAnd &amp#27;[0m&amp#27;[36mset request accessToken header "Authorization"&amp#27;[0m
    &amp#27;[36mAnd &amp#27;[0m&amp#27;[36mSubmit Get list of membershipDetails "/membership/"&amp#27;[0m
    &amp#27;[36mAnd &amp#27;[0m&amp#27;[36mvalidate response code as "200"&amp#27;[0m
    &amp#27;[36mAnd &amp#27;[0m&amp#27;[36mvalidate response fields memberNumber as "memberNumber>"&amp#27;[0m

    Examples: 
]]></system-out>
  </testcase>
  <testcase name="And Set POST request body Of Login Member username as &quot;sonico.kris@aaa-calif.com&quot; password as &quot;autoclub1&quot; clubCode as &quot;004&quot;" classname="| &quot;mobileapptest@aaa-calif.com | autoclub1 | 2020-10-15 | 1978-10-27 | sonico.kris@aaa-calif.com | autoclub1 | 004 |" time="0.005">
    <system-out><![CDATA[
  Background: Launch Base API Url                                       &amp#27;[90m# MobileAPI.feature:3&amp#27;[0m
    &amp#27;[32mGiven &amp#27;[0m&amp#27;[32mset the base uri as "&amp#27;[0m&amp#27;[32m&amp#27;[1mhttps://apisuat.calif.aaa.com/ebiz/uat2&amp#27;[0m&amp#27;[32m"&amp#27;[0m &amp#27;[90m# MobileAPIStepDefinition.set_the_base_uri_as(String)&amp#27;[0m
]]></system-out>
  </testcase>
  <testcase name="And set request header &quot;X-IBM-Client-Id&quot; as &quot;832512b7-ca21-4ea5-a3dd-ab53a2ce7ca2&quot;" classname="| &quot;mobileapptest@aaa-calif.com | autoclub1 | 2020-10-15 | 1978-10-27 | sonico.kris@aaa-calif.com | autoclub1 | 004 |" time="0.004"/>
  <testcase name="And set request header &quot;X-IBM-Client-Secret&quot; as &quot;jB8oN2hF3wQ0jD8cY0cD7kA8cW4dY4tH7dH8bB0eU5nO1jJ1lQ&quot;" classname="| &quot;mobileapptest@aaa-calif.com | autoclub1 | 2020-10-15 | 1978-10-27 | sonico.kris@aaa-calif.com | autoclub1 | 004 |" time="0.005"/>
  <testcase name="And set request header &quot;Content-Type&quot; as &quot;application/json&quot;" classname="| &quot;mobileapptest@aaa-calif.com | autoclub1 | 2020-10-15 | 1978-10-27 | sonico.kris@aaa-calif.com | autoclub1 | 004 |" time="0.02"/>
  <testcase name="And Submit POST Login user request &quot;/user/session&quot;" classname="| &quot;mobileapptest@aaa-calif.com | autoclub1 | 2020-10-15 | 1978-10-27 | sonico.kris@aaa-calif.com | autoclub1 | 004 |" time="0.008">
    <system-out><![CDATA[response code is:200
response is:{ "access_token":"eyJraWQiOiJIcnlEM1plSXE5TjRJZGhUNWRuQjNrSHdsRE4yR2pjXzNsZFRxMF90cDZrIiwiYWxnIjoiUlMyNTYifQ.eyJ2ZXIiOjEsImp0aSI6IkFULmp5aThjRU53cGJaTUhFX0VTNTdLb0ZUQl94R0ZKVEhwSzVpakwzMzRfZ3cub2FyMWRzbW96Nm5DbHZUWjIwaDciLCJpc3MiOiJodHRwczovL2FjZS1pZGVudGl0eS5va3RhcHJldmlldy5jb20vb2F1dGgyL2F1c21vZnF1bzYyY0h0WU5rMGg3IiwiYXVkIjoiMG9hbW45NWNyNmZKODBZdFYwaDciLCJpYXQiOjE2Mzc4MTI5MjQsImV4cCI6MTYzNzgxNjUyNCwiY2lkIjoiMG9hbW45NWNyNmZKODBZdFYwaDciLCJ1aWQiOiIwMHUxMTE5ZnRiYlBKejAxbTBoOCIsInNjcCI6WyJvZmZsaW5lX2FjY2VzcyIsIm9wZW5pZCIsImNsdWJDb2RlIiwic2NvcGUiLCJwcm9maWxlIiwiY3VzdG9tZXJJZCJdLCJzdWIiOiJzb25pY28ua3Jpc0BhYWEtY2FsaWYuY29tIiwic2VsZlJlY292ZXJ5IjpmYWxzZSwiY2x1YkNvZGUiOiIwMDQiLCJzY29wZSI6WyJndWlkZXdpcmUuZWRnZS5wb2xpY3kuQ0hPMTc3NTk5MjQyLkFMTCIsImd1aWRld2lyZS5lZGdlLnBvbGljeS5DQUEwMjYzOTU5MjcuQUxMIl0sImN1c3RvbWVySWQiOiI0NDEzMzEwMjAxMDE1MjEiLCJwcmVmZXJyZWRfdXNlcm5hbWUiOiJzb25pY28ua3Jpc0BhYWEtY2FsaWYuY29tIn0.Sw0NwW5QZarLZzv_RDnPCr23oTo94UdwZX8H9W8Mrb0P-u-p24SuTxKp81nJ2vtdvSMenmFuvt_2U01-GrTjey3qyiqNL0EwWpONvBVATU0lSjdtVfrFg21XC5dBxv9Xzxpq-MNqa1ybyEyW3F4pfNEEWvFLXfMA33zvNL9ax4hyIZBwvJqeboIbEblTCOQ0LF3AdZcl6YaXNrl2mi-XnproEd_1Co23Zeb3IevvNxjnAoCLjcT6TiW7mGiG5MNpdo5M_gTw0hNfnDZ-Vw4ykNKyl755PdI-ZT3f1fQMX8SjUzNWgusNLLIsEvQno9LJhTey1MMw0wAFD6DxG8Uv6A", "token_type":"Bearer", "scope":"offline_access openid clubCode scope profile customerId", "id_token":"eyJraWQiOiJIcnlEM1plSXE5TjRJZGhUNWRuQjNrSHdsRE4yR2pjXzNsZFRxMF90cDZrIiwiYWxnIjoiUlMyNTYifQ.eyJ2ZXIiOjEsImp0aSI6IkFULmp5aThjRU53cGJaTUhFX0VTNTdLb0ZUQl94R0ZKVEhwSzVpakwzMzRfZ3cub2FyMWRzbW96Nm5DbHZUWjIwaDciLCJpc3MiOiJodHRwczovL2FjZS1pZGVudGl0eS5va3RhcHJldmlldy5jb20vb2F1dGgyL2F1c21vZnF1bzYyY0h0WU5rMGg3IiwiYXVkIjoiMG9hbW45NWNyNmZKODBZdFYwaDciLCJpYXQiOjE2Mzc4MTI5MjQsImV4cCI6MTYzNzgxNjUyNCwiY2lkIjoiMG9hbW45NWNyNmZKODBZdFYwaDciLCJ1aWQiOiIwMHUxMTE5ZnRiYlBKejAxbTBoOCIsInNjcCI6WyJvZmZsaW5lX2FjY2VzcyIsIm9wZW5pZCIsImNsdWJDb2RlIiwic2NvcGUiLCJwcm9maWxlIiwiY3VzdG9tZXJJZCJdLCJzdWIiOiJzb25pY28ua3Jpc0BhYWEtY2FsaWYuY29tIiwic2VsZlJlY292ZXJ5IjpmYWxzZSwiY2x1YkNvZGUiOiIwMDQiLCJzY29wZSI6WyJndWlkZXdpcmUuZWRnZS5wb2xpY3kuQ0hPMTc3NTk5MjQyLkFMTCIsImd1aWRld2lyZS5lZGdlLnBvbGljeS5DQUEwMjYzOTU5MjcuQUxMIl0sImN1c3RvbWVySWQiOiI0NDEzMzEwMjAxMDE1MjEiLCJwcmVmZXJyZWRfdXNlcm5hbWUiOiJzb25pY28ua3Jpc0BhYWEtY2FsaWYuY29tIn0.Sw0NwW5QZarLZzv_RDnPCr23oTo94UdwZX8H9W8Mrb0P-u-p24SuTxKp81nJ2vtdvSMenmFuvt_2U01-GrTjey3qyiqNL0EwWpONvBVATU0lSjdtVfrFg21XC5dBxv9Xzxpq-MNqa1ybyEyW3F4pfNEEWvFLXfMA33zvNL9ax4hyIZBwvJqeboIbEblTCOQ0LF3AdZcl6YaXNrl2mi-XnproEd_1Co23Zeb3IevvNxjnAoCLjcT6TiW7mGiG5MNpdo5M_gTw0hNfnDZ-Vw4ykNKyl755PdI-ZT3f1fQMX8SjUzNWgusNLLIsEvQno9LJhTey1MMw0wAFD6DxG8Uv6A", "refresh_token":"qIQyAAPsZXfiwyfFfohwE07JPykuKbSjfNX57xLKUaY", "email":"sonico.kris@aaacalif.com", "userName":"sonico.kris@aaa-calif.com", "memberNumber":"6200047749274409", "customerId":"441331020101521", "memberZipCode":"92626", "lastName":"TREASE", "firstName":"XAOBO", "clubCode":"", "status":"0", "statusMessage":"success", "expires_in":"3600" }
]]></system-out>
  </testcase>
  <testcase name="And validate response code as &quot;200&quot;" classname="| &quot;mobileapptest@aaa-calif.com | autoclub1 | 2020-10-15 | 1978-10-27 | sonico.kris@aaa-calif.com | autoclub1 | 004 |" time="0.006"/>
  <testcase name="And validate response code as &quot;200&quot;" classname="| &quot;mobileapptest@aaa-calif.com | autoclub1 | 2020-10-15 | 1978-10-27 | sonico.kris@aaa-calif.com | autoclub1 | 004 |" time="0.004"/>
  <testcase name="And Validate response body accessToken as &quot;e&quot; customerId as &quot;000000000000000&quot;" classname="| &quot;mobileapptest@aaa-calif.com | autoclub1 | 2020-10-15 | 1978-10-27 | sonico.kris@aaa-calif.com | autoclub1 | 004 |" time="0.007">
    <system-out><![CDATA[This is accessToken valueeyJraWQiOiJIcnlEM1plSXE5TjRJZGhUNWRuQjNrSHdsRE4yR2pjXzNsZFRxMF90cDZrIiwiYWxnIjoiUlMyNTYifQ.eyJ2ZXIiOjEsImp0aSI6IkFULmp5aThjRU53cGJaTUhFX0VTNTdLb0ZUQl94R0ZKVEhwSzVpakwzMzRfZ3cub2FyMWRzbW96Nm5DbHZUWjIwaDciLCJpc3MiOiJodHRwczovL2FjZS1pZGVudGl0eS5va3RhcHJldmlldy5jb20vb2F1dGgyL2F1c21vZnF1bzYyY0h0WU5rMGg3IiwiYXVkIjoiMG9hbW45NWNyNmZKODBZdFYwaDciLCJpYXQiOjE2Mzc4MTI5MjQsImV4cCI6MTYzNzgxNjUyNCwiY2lkIjoiMG9hbW45NWNyNmZKODBZdFYwaDciLCJ1aWQiOiIwMHUxMTE5ZnRiYlBKejAxbTBoOCIsInNjcCI6WyJvZmZsaW5lX2FjY2VzcyIsIm9wZW5pZCIsImNsdWJDb2RlIiwic2NvcGUiLCJwcm9maWxlIiwiY3VzdG9tZXJJZCJdLCJzdWIiOiJzb25pY28ua3Jpc0BhYWEtY2FsaWYuY29tIiwic2VsZlJlY292ZXJ5IjpmYWxzZSwiY2x1YkNvZGUiOiIwMDQiLCJzY29wZSI6WyJndWlkZXdpcmUuZWRnZS5wb2xpY3kuQ0hPMTc3NTk5MjQyLkFMTCIsImd1aWRld2lyZS5lZGdlLnBvbGljeS5DQUEwMjYzOTU5MjcuQUxMIl0sImN1c3RvbWVySWQiOiI0NDEzMzEwMjAxMDE1MjEiLCJwcmVmZXJyZWRfdXNlcm5hbWUiOiJzb25pY28ua3Jpc0BhYWEtY2FsaWYuY29tIn0.Sw0NwW5QZarLZzv_RDnPCr23oTo94UdwZX8H9W8Mrb0P-u-p24SuTxKp81nJ2vtdvSMenmFuvt_2U01-GrTjey3qyiqNL0EwWpONvBVATU0lSjdtVfrFg21XC5dBxv9Xzxpq-MNqa1ybyEyW3F4pfNEEWvFLXfMA33zvNL9ax4hyIZBwvJqeboIbEblTCOQ0LF3AdZcl6YaXNrl2mi-XnproEd_1Co23Zeb3IevvNxjnAoCLjcT6TiW7mGiG5MNpdo5M_gTw0hNfnDZ-Vw4ykNKyl755PdI-ZT3f1fQMX8SjUzNWgusNLLIsEvQno9LJhTey1MMw0wAFD6DxG8Uv6A
login response custID 441331020101521
]]></system-out>
  </testcase>
  <testcase name="And Validate response body memberNumber as &quot;0000000000000000&quot;" classname="| &quot;mobileapptest@aaa-calif.com | autoclub1 | 2020-10-15 | 1978-10-27 | sonico.kris@aaa-calif.com | autoclub1 | 004 |" time="0.008"/>
  <testcase name="And set request accessToken header &quot;Authorization&quot;" classname="| &quot;mobileapptest@aaa-calif.com | autoclub1 | 2020-10-15 | 1978-10-27 | sonico.kris@aaa-calif.com | autoclub1 | 004 |" time="0.006"/>
  <testcase name="And Submit Get list of membershipDetails &quot;/membership/&quot;" classname="| &quot;mobileapptest@aaa-calif.com | autoclub1 | 2020-10-15 | 1978-10-27 | sonico.kris@aaa-calif.com | autoclub1 | 004 |" time="0.005">
    <system-out><![CDATA[{clubCode=004, customerId=441331020101521}
accessToken value after resetting to null  eyJraWQiOiJIcnlEM1plSXE5TjRJZGhUNWRuQjNrSHdsRE4yR2pjXzNsZFRxMF90cDZrIiwiYWxnIjoiUlMyNTYifQ.eyJ2ZXIiOjEsImp0aSI6IkFULmp5aThjRU53cGJaTUhFX0VTNTdLb0ZUQl94R0ZKVEhwSzVpakwzMzRfZ3cub2FyMWRzbW96Nm5DbHZUWjIwaDciLCJpc3MiOiJodHRwczovL2FjZS1pZGVudGl0eS5va3RhcHJldmlldy5jb20vb2F1dGgyL2F1c21vZnF1bzYyY0h0WU5rMGg3IiwiYXVkIjoiMG9hbW45NWNyNmZKODBZdFYwaDciLCJpYXQiOjE2Mzc4MTI5MjQsImV4cCI6MTYzNzgxNjUyNCwiY2lkIjoiMG9hbW45NWNyNmZKODBZdFYwaDciLCJ1aWQiOiIwMHUxMTE5ZnRiYlBKejAxbTBoOCIsInNjcCI6WyJvZmZsaW5lX2FjY2VzcyIsIm9wZW5pZCIsImNsdWJDb2RlIiwic2NvcGUiLCJwcm9maWxlIiwiY3VzdG9tZXJJZCJdLCJzdWIiOiJzb25pY28ua3Jpc0BhYWEtY2FsaWYuY29tIiwic2VsZlJlY292ZXJ5IjpmYWxzZSwiY2x1YkNvZGUiOiIwMDQiLCJzY29wZSI6WyJndWlkZXdpcmUuZWRnZS5wb2xpY3kuQ0hPMTc3NTk5MjQyLkFMTCIsImd1aWRld2lyZS5lZGdlLnBvbGljeS5DQUEwMjYzOTU5MjcuQUxMIl0sImN1c3RvbWVySWQiOiI0NDEzMzEwMjAxMDE1MjEiLCJwcmVmZXJyZWRfdXNlcm5hbWUiOiJzb25pY28ua3Jpc0BhYWEtY2FsaWYuY29tIn0.Sw0NwW5QZarLZzv_RDnPCr23oTo94UdwZX8H9W8Mrb0P-u-p24SuTxKp81nJ2vtdvSMenmFuvt_2U01-GrTjey3qyiqNL0EwWpONvBVATU0lSjdtVfrFg21XC5dBxv9Xzxpq-MNqa1ybyEyW3F4pfNEEWvFLXfMA33zvNL9ax4hyIZBwvJqeboIbEblTCOQ0LF3AdZcl6YaXNrl2mi-XnproEd_1Co23Zeb3IevvNxjnAoCLjcT6TiW7mGiG5MNpdo5M_gTw0hNfnDZ-Vw4ykNKyl755PdI-ZT3f1fQMX8SjUzNWgusNLLIsEvQno9LJhTey1MMw0wAFD6DxG8Uv6A
get Membership details response code200
get Membership details response fields { "errorCode":500, "errorMessage":"Internal Server Error" }
]]></system-out>
  </testcase>
  <testcase name="And validate response fields memberNumber as &quot;memberNumber&gt;&quot;" classname="| &quot;mobileapptest@aaa-calif.com | autoclub1 | 2020-10-15 | 1978-10-27 | sonico.kris@aaa-calif.com | autoclub1 | 004 |" time="0.017">
    <failure type="java.lang.AssertionError"><![CDATA[java.lang.AssertionError: expected:<477492744> but was:<null>
]]></failure>
  </testcase>
</testsuite>